2018-12-02 1:02:43 - PHP Warning:  file(D:/wamp2/www/mediamarket/admin/config.php): failed to open stream: No such file or directory in D:\wamp2\www\mediamarket\install\model\upgrade\1009.php on line 94
2018-12-02 1:02:43 - PHP Warning:  Invalid argument supplied for foreach() in D:\wamp2\www\mediamarket\install\model\upgrade\1009.php on line 96
2018-12-02 1:02:43 - PHP Warning:  Invalid argument supplied for foreach() in D:\wamp2\www\mediamarket\install\model\upgrade\1009.php on line 107
2018-12-02 1:08:43 - PHP Warning:  Cannot modify header information - headers already sent by (output started at D:\wamp2\www\mediamarket\config.php:18) in D:\wamp2\www\mediamarket\system\framework.php on line 108
2018-12-02 1:08:43 - PHP Warning:  Cannot modify header information - headers already sent by (output started at D:\wamp2\www\mediamarket\config.php:18) in D:\wamp2\www\mediamarket\catalog\controller\startup\session.php on line 25
2019-10-12 15:24:48 - PHP Unknown:  Object of class stdClass could not be converted to string in D:\wamp2\www\mediamarket3\admin\controller\extension\module\html.php on line 26
2019-10-12 15:40:01 - PHP Notice:  Undefined variable: module_info in D:\wamp2\www\mediamarket3\admin\controller\extension\module\html.php on line 114
2019-10-12 17:06:48 - PHP Warning:  unlink(D:/wamp2/www/mediamarket3/storage/cache/cache.catalog.language.1570903608): Permission denied in D:\wamp2\www\mediamarket3\system\library\cache\file.php on line 68
2019-10-13 11:59:05 - PHP Notice:  Undefined index: token in D:\wamp2\www\mediamarket3\admin\controller\extension\payment\payplug.php on line 59
2019-10-13 11:59:05 - PHP Notice:  Undefined index: token in D:\wamp2\www\mediamarket3\admin\controller\extension\payment\payplug.php on line 64
2019-10-13 11:59:05 - PHP Notice:  Undefined index: token in D:\wamp2\www\mediamarket3\admin\controller\extension\payment\payplug.php on line 69
2019-10-13 11:59:05 - PHP Notice:  Undefined index: token in D:\wamp2\www\mediamarket3\admin\controller\extension\payment\payplug.php on line 72
2019-10-13 11:59:05 - PHP Notice:  Undefined index: token in D:\wamp2\www\mediamarket3\admin\controller\extension\payment\payplug.php on line 74
2019-10-13 15:50:36 - PHP Notice:  Trying to get property of non-object in D:\wamp2\www\mediamarket3\system\library\payplug.inc.php on line 82
2019-10-13 15:50:36 - PHP Notice:  Trying to get property of non-object in D:\wamp2\www\mediamarket3\system\library\payplug.inc.php on line 83
2019-10-13 15:50:36 - PHP Notice:  Trying to get property of non-object in D:\wamp2\www\mediamarket3\system\library\payplug.inc.php on line 84
2019-10-13 15:50:36 - PHP Notice:  Trying to get property of non-object in D:\wamp2\www\mediamarket3\system\library\payplug.inc.php on line 85
2019-10-13 15:50:36 - PHP Notice:  Trying to get property of non-object in D:\wamp2\www\mediamarket3\system\library\payplug.inc.php on line 86
2019-10-13 15:50:36 - PHP Notice:  Trying to get property of non-object in D:\wamp2\www\mediamarket3\system\library\payplug.inc.php on line 87
2019-10-13 15:52:25 - PHP Notice:  Trying to get property of non-object in D:\wamp2\www\mediamarket3\system\library\payplug.inc.php on line 82
2019-10-13 15:52:25 - PHP Notice:  Trying to get property of non-object in D:\wamp2\www\mediamarket3\system\library\payplug.inc.php on line 83
2019-10-13 15:52:25 - PHP Notice:  Trying to get property of non-object in D:\wamp2\www\mediamarket3\system\library\payplug.inc.php on line 84
2019-10-13 15:52:25 - PHP Notice:  Trying to get property of non-object in D:\wamp2\www\mediamarket3\system\library\payplug.inc.php on line 85
2019-10-13 15:52:25 - PHP Notice:  Trying to get property of non-object in D:\wamp2\www\mediamarket3\system\library\payplug.inc.php on line 86
2019-10-13 15:52:25 - PHP Notice:  Trying to get property of non-object in D:\wamp2\www\mediamarket3\system\library\payplug.inc.php on line 87
2019-10-13 15:53:02 - PHP Notice:  Trying to get property of non-object in D:\wamp2\www\mediamarket3\system\library\payplug.inc.php on line 82
2019-10-13 15:53:02 - PHP Notice:  Trying to get property of non-object in D:\wamp2\www\mediamarket3\system\library\payplug.inc.php on line 83
2019-10-13 15:53:02 - PHP Notice:  Trying to get property of non-object in D:\wamp2\www\mediamarket3\system\library\payplug.inc.php on line 84
2019-10-13 15:53:02 - PHP Notice:  Trying to get property of non-object in D:\wamp2\www\mediamarket3\system\library\payplug.inc.php on line 85
2019-10-13 15:53:02 - PHP Notice:  Trying to get property of non-object in D:\wamp2\www\mediamarket3\system\library\payplug.inc.php on line 86
2019-10-13 15:53:02 - PHP Notice:  Trying to get property of non-object in D:\wamp2\www\mediamarket3\system\library\payplug.inc.php on line 87
2019-10-13 15:55:24 - PHP Notice:  Trying to get property of non-object in D:\wamp2\www\mediamarket3\system\library\payplug.inc.php on line 82
2019-10-13 15:55:24 - PHP Notice:  Trying to get property of non-object in D:\wamp2\www\mediamarket3\system\library\payplug.inc.php on line 83
2019-10-13 15:55:24 - PHP Notice:  Trying to get property of non-object in D:\wamp2\www\mediamarket3\system\library\payplug.inc.php on line 84
2019-10-13 15:55:24 - PHP Notice:  Trying to get property of non-object in D:\wamp2\www\mediamarket3\system\library\payplug.inc.php on line 85
2019-10-13 15:55:24 - PHP Notice:  Trying to get property of non-object in D:\wamp2\www\mediamarket3\system\library\payplug.inc.php on line 86
2019-10-13 15:55:24 - PHP Notice:  Trying to get property of non-object in D:\wamp2\www\mediamarket3\system\library\payplug.inc.php on line 87
2019-10-13 15:55:53 - PHP Notice:  Trying to get property of non-object in D:\wamp2\www\mediamarket3\system\library\payplug.inc.php on line 82
2019-10-13 15:55:53 - PHP Notice:  Trying to get property of non-object in D:\wamp2\www\mediamarket3\system\library\payplug.inc.php on line 83
2019-10-13 15:55:53 - PHP Notice:  Trying to get property of non-object in D:\wamp2\www\mediamarket3\system\library\payplug.inc.php on line 84
2019-10-13 15:55:53 - PHP Notice:  Trying to get property of non-object in D:\wamp2\www\mediamarket3\system\library\payplug.inc.php on line 85
2019-10-13 15:55:53 - PHP Notice:  Trying to get property of non-object in D:\wamp2\www\mediamarket3\system\library\payplug.inc.php on line 86
2019-10-13 15:55:53 - PHP Notice:  Trying to get property of non-object in D:\wamp2\www\mediamarket3\system\library\payplug.inc.php on line 87
2019-10-13 16:02:20 - PHP Notice:  Array to string conversion in D:\wamp2\www\mediamarket3\system\library\payplug.inc.php on line 61
2019-10-13 16:13:57 - PHP Notice:  Array to string conversion in D:\wamp2\www\mediamarket3\admin\controller\extension\payment\payplug.php on line 203
2019-10-13 16:14:03 - PHP Notice:  Array to string conversion in D:\wamp2\www\mediamarket3\admin\controller\extension\payment\payplug.php on line 203
2019-10-13 16:14:22 - PHP Notice:  Array to string conversion in D:\wamp2\www\mediamarket3\admin\controller\extension\payment\payplug.php on line 203
2019-10-13 16:15:36 - PHP Notice:  Array to string conversion in D:\wamp2\www\mediamarket3\admin\controller\extension\payment\payplug.php on line 203
2019-10-13 16:16:13 - PHP Notice:  Array to string conversion in D:\wamp2\www\mediamarket3\admin\controller\extension\payment\payplug.php on line 203
2019-10-16 17:57:26 - PHP Warning:  unlink(D:/wamp2/www/mediamarket3/storage/cache/cache.catalog.language.1571252246): Permission denied in D:\wamp2\www\mediamarket3\system\library\cache\file.php on line 68
